WARNING:tensorflow:
The TensorFlow contrib module will not be included in TensorFlow 2.0.
For more information, please see:
  * https://github.com/tensorflow/community/blob/master/rfcs/20180907-contrib-sunset.md
  * https://github.com/tensorflow/addons
  * https://github.com/tensorflow/io (for I/O related ops)
If you depend on functionality not listed there, please file an issue.

@@TRAX:hello "trax.name=" "trax.family=" "trax.image=path;" "trax.region=rectangle;" "trax.description=" "trax.version=2" "trax.channels=color;" 
@@TRAX:initialize "file:///root/collab/vot-workspace/sequences/drone1/color/00000001.jpg" "533.1000,190.2200,35.0700,34.8900" 
@@TRAX:state "533.1000,190.2200,35.0700,34.8900" 
@@TRAX:frame "file:///root/collab/vot-workspace/sequences/drone1/color/00000002.jpg" 
WARNING:tensorflow:From /root/collab/tracker/ADT.py:40: The name tf.placeholder_with_default is deprecated. Please use tf.compat.v1.placeholder_with_default instead.

WARNING:tensorflow:From /root/collab/tracker/ADT.py:40: The name tf.placeholder_with_default is deprecated. Please use tf.compat.v1.placeholder_with_default instead.

WARNING:tensorflow:From /root/collab/tracker/ADT.py:46: calling crop_and_resize_v1 (from tensorflow.python.ops.image_ops_impl) with box_ind is deprecated and will be removed in a future version.
Instructions for updating:
box_ind is deprecated, use box_indices instead
WARNING:tensorflow:From /root/collab/tracker/ADT.py:46: calling crop_and_resize_v1 (from tensorflow.python.ops.image_ops_impl) with box_ind is deprecated and will be removed in a future version.
Instructions for updating:
box_ind is deprecated, use box_indices instead
WARNING:tensorflow:From /root/collab/tracker/tracker_util.py:141: The name tf.variable_scope is deprecated. Please use tf.compat.v1.variable_scope instead.

WARNING:tensorflow:From /root/collab/tracker/tracker_util.py:141: The name tf.variable_scope is deprecated. Please use tf.compat.v1.variable_scope instead.

WARNING:tensorflow:Entity <bound method Conv2D.call of <tensorflow.python.layers.convolutional.Conv2D object at 0x7f64e6960790>> could not be transformed and will be executed as-is. Please report this to the AutgoGraph team. When filing the bug, set the v
WARNING:tensorflow:Entity <bound method Conv2D.call of <tensorflow.python.layers.convolutional.Conv2D object at 0x7f64e6960790>> could not be transformed and will be executed as-is. Please report this to the AutgoGraph team. When filing the bug, set the v
WARNING:tensorflow:Entity <bound method MaxPooling2D.call of <tensorflow.python.layers.pooling.MaxPooling2D object at 0x7f64e6960f10>> could not be transformed and will be executed as-is. Please report this to the AutgoGraph team. When filing the bug, set
WARNING:tensorflow:Entity <bound method MaxPooling2D.call of <tensorflow.python.layers.pooling.MaxPooling2D object at 0x7f64e6960f10>> could not be transformed and will be executed as-is. Please report this to the AutgoGraph team. When filing the bug, set
WARNING:tensorflow:Entity <bound method Conv2D.call of <tensorflow.python.layers.convolutional.Conv2D object at 0x7f64e6978150>> could not be transformed and will be executed as-is. Please report this to the AutgoGraph team. When filing the bug, set the v
WARNING:tensorflow:Entity <bound method Conv2D.call of <tensorflow.python.layers.convolutional.Conv2D object at 0x7f64e6978150>> could not be transformed and will be executed as-is. Please report this to the AutgoGraph team. When filing the bug, set the v
WARNING:tensorflow:Entity <bound method MaxPooling2D.call of <tensorflow.python.layers.pooling.MaxPooling2D object at 0x7f64e6960f10>> could not be transformed and will be executed as-is. Please report this to the AutgoGraph team. When filing the bug, set
WARNING:tensorflow:Entity <bound method MaxPooling2D.call of <tensorflow.python.layers.pooling.MaxPooling2D object at 0x7f64e6960f10>> could not be transformed and will be executed as-is. Please report this to the AutgoGraph team. When filing the bug, set
WARNING:tensorflow:Entity <bound method Conv2D.call of <tensorflow.python.layers.convolutional.Conv2D object at 0x7f64e6978550>> could not be transformed and will be executed as-is. Please report this to the AutgoGraph team. When filing the bug, set the v
WARNING:tensorflow:Entity <bound method Conv2D.call of <tensorflow.python.layers.convolutional.Conv2D object at 0x7f64e6978550>> could not be transformed and will be executed as-is. Please report this to the AutgoGraph team. When filing the bug, set the v
WARNING:tensorflow:Entity <bound method Conv2D.call of <tensorflow.python.layers.convolutional.Conv2D object at 0x7f64e57ab390>> could not be transformed and will be executed as-is. Please report this to the AutgoGraph team. When filing the bug, set the v
WARNING:tensorflow:Entity <bound method Conv2D.call of <tensorflow.python.layers.convolutional.Conv2D object at 0x7f64e57ab390>> could not be transformed and will be executed as-is. Please report this to the AutgoGraph team. When filing the bug, set the v
WARNING:tensorflow:Entity <bound method Conv2D.call of <tensorflow.python.layers.convolutional.Conv2D object at 0x7f64e57abc50>> could not be transformed and will be executed as-is. Please report this to the AutgoGraph team. When filing the bug, set the v
WARNING:tensorflow:Entity <bound method Conv2D.call of <tensorflow.python.layers.convolutional.Conv2D object at 0x7f64e57abc50>> could not be transformed and will be executed as-is. Please report this to the AutgoGraph team. When filing the bug, set the v
WARNING:tensorflow:Entity <bound method Conv2D.call of <tensorflow.python.layers.convolutional.Conv2D object at 0x7f64e575abd0>> could not be transformed and will be executed as-is. Please report this to the AutgoGraph team. When filing the bug, set the v
WARNING:tensorflow:Entity <bound method Conv2D.call of <tensorflow.python.layers.convolutional.Conv2D object at 0x7f64e575abd0>> could not be transformed and will be executed as-is. Please report this to the AutgoGraph team. When filing the bug, set the v
WARNING:tensorflow:From /usr/local/lib/python2.7/dist-packages/tensorflow/contrib/layers/python/layers/layers.py:1634: flatten (from tensorflow.python.layers.core) is deprecated and will be removed in a future version.
Instructions for updating:
Use keras.layers.flatten instead.
WARNING:tensorflow:From /usr/local/lib/python2.7/dist-packages/tensorflow/contrib/layers/python/layers/layers.py:1634: flatten (from tensorflow.python.layers.core) is deprecated and will be removed in a future version.
Instructions for updating:
Use keras.layers.flatten instead.
WARNING:tensorflow:Entity <bound method Flatten.call of <tensorflow.python.layers.core.Flatten object at 0x7f64e5734990>> could not be transformed and will be executed as-is. Please report this to the AutgoGraph team. When filing the bug, set the verbosit
WARNING:tensorflow:Entity <bound method Flatten.call of <tensorflow.python.layers.core.Flatten object at 0x7f64e5734990>> could not be transformed and will be executed as-is. Please report this to the AutgoGraph team. When filing the bug, set the verbosit
WARNING:tensorflow:Entity <bound method Dense.call of <tensorflow.python.layers.core.Dense object at 0x7f64e5734990>> could not be transformed and will be executed as-is. Please report this to the AutgoGraph team. When filing the bug, set the verbosity to
WARNING:tensorflow:Entity <bound method Dense.call of <tensorflow.python.layers.core.Dense object at 0x7f64e5734990>> could not be transformed and will be executed as-is. Please report this to the AutgoGraph team. When filing the bug, set the verbosity to
WARNING:tensorflow:Entity <bound method Dense.call of <tensorflow.python.layers.core.Dense object at 0x7f64e5734450>> could not be transformed and will be executed as-is. Please report this to the AutgoGraph team. When filing the bug, set the verbosity to
WARNING:tensorflow:Entity <bound method Dense.call of <tensorflow.python.layers.core.Dense object at 0x7f64e5734450>> could not be transformed and will be executed as-is. Please report this to the AutgoGraph team. When filing the bug, set the verbosity to
WARNING:tensorflow:From /root/collab/tracker/ADT.py:67: The name tf.losses.softmax_cross_entropy is deprecated. Please use tf.compat.v1.losses.softmax_cross_entropy instead.

WARNING:tensorflow:From /root/collab/tracker/ADT.py:67: The name tf.losses.softmax_cross_entropy is deprecated. Please use tf.compat.v1.losses.softmax_cross_entropy instead.

WARNING:tensorflow:From /usr/local/lib/python2.7/dist-packages/tensorflow/python/ops/losses/losses_impl.py:121: where (from tensorflow.python.ops.array_ops) is deprecated and will be removed in a future version.
Instructions for updating:
Use tf.where in 2.0, which has the same broadcast rule as np.where
WARNING:tensorflow:From /usr/local/lib/python2.7/dist-packages/tensorflow/python/ops/losses/losses_impl.py:121: where (from tensorflow.python.ops.array_ops) is deprecated and will be removed in a future version.
Instructions for updating:
Use tf.where in 2.0, which has the same broadcast rule as np.where
WARNING:tensorflow:From /root/collab/tracker/ADT.py:70: The name tf.placeholder is deprecated. Please use tf.compat.v1.placeholder instead.

WARNING:tensorflow:From /root/collab/tracker/ADT.py:70: The name tf.placeholder is deprecated. Please use tf.compat.v1.placeholder instead.

WARNING:tensorflow:From /root/collab/tracker/ADT.py:74: The name tf.get_collection is deprecated. Please use tf.compat.v1.get_collection instead.

WARNING:tensorflow:From /root/collab/tracker/ADT.py:74: The name tf.get_collection is deprecated. Please use tf.compat.v1.get_collection instead.

WARNING:tensorflow:From /root/collab/tracker/ADT.py:74: The name tf.GraphKeys is deprecated. Please use tf.compat.v1.GraphKeys instead.

WARNING:tensorflow:From /root/collab/tracker/ADT.py:74: The name tf.GraphKeys is deprecated. Please use tf.compat.v1.GraphKeys instead.

WARNING:tensorflow:From /root/collab/tracker/ADT.py:98: The name tf.train.AdamOptimizer is deprecated. Please use tf.compat.v1.train.AdamOptimizer instead.

WARNING:tensorflow:From /root/collab/tracker/ADT.py:98: The name tf.train.AdamOptimizer is deprecated. Please use tf.compat.v1.train.AdamOptimizer instead.

2019-11-12 12:18:18.569501: I tensorflow/core/platform/cpu_feature_guard.cc:142] Your CPU supports instructions that this TensorFlow binary was not compiled to use: AVX2 FMA
2019-11-12 12:18:18.576541: I tensorflow/core/platform/profile_utils/cpu_utils.cc:94] CPU Frequency: 2294680000 Hz
2019-11-12 12:18:18.577081: I tensorflow/compiler/xla/service/service.cc:168] XLA service 0x5565edeb3b70 executing computations on platform Host. Devices:
2019-11-12 12:18:18.577102: I tensorflow/compiler/xla/service/service.cc:175]   StreamExecutor device (0): <undefined>, <undefined>
2019-11-12 12:18:18.725778: W tensorflow/compiler/jit/mark_for_compilation_pass.cc:1412] (One-time warning): Not using XLA:CPU for cluster because envvar TF_XLA_FLAGS=--tf_xla_cpu_global_jit was not set.  If you want XLA:CPU, either set that envvar, or us
2019-11-12 12:18:19.114423: W tensorflow/core/framework/allocator.cc:107] Allocation of 377529600 exceeds 10% of system memory.
2019-11-12 12:18:19.910864: W tensorflow/core/framework/allocator.cc:107] Allocation of 377529600 exceeds 10% of system memory.
@@TRAX:state "530.4000,196.6000,34.8000,34.0000" "confidence=0.99" 
@@TRAX:frame "file:///root/collab/vot-workspace/sequences/drone1/color/00000003.jpg" 
@@TRAX:state "529.8000,204.4000,34.0000,33.0000" "confidence=0.99" 
@@TRAX:frame "file:///root/collab/vot-workspace/sequences/drone1/color/00000004.jpg" 
@@TRAX:state "524.6000,209.8000,34.2000,33.2000" "confidence=0.99" 
@@TRAX:frame "file:///root/collab/vot-workspace/sequences/drone1/color/00000005.jpg" 
@@TRAX:state "523.4000,217.6000,32.6000,31.6000" "confidence=0.99" 
@@TRAX:frame "file:///root/collab/vot-workspace/sequences/drone1/color/00000006.jpg" 
@@TRAX:state "520.4000,224.4000,32.8000,31.8000" "confidence=0.99" 
@@TRAX:frame "file:///root/collab/vot-workspace/sequences/drone1/color/00000007.jpg" 
@@TRAX:state "522.0000,234.6000,32.4000,31.4000" "confidence=0.99" 
@@TRAX:frame "file:///root/collab/vot-workspace/sequences/drone1/color/00000008.jpg" 
@@TRAX:state "522.5000,240.1000,31.4000,30.4000" "confidence=0.99" 
@@TRAX:frame "file:///root/collab/vot-workspace/sequences/drone1/color/00000009.jpg" 
@@TRAX:state "523.5000,244.1000,31.4000,30.4000" "confidence=0.99" 
@@TRAX:frame "file:///root/collab/vot-workspace/sequences/drone1/color/00000010.jpg" 
@@TRAX:state "526.0000,248.6000,30.4000,29.4000" "confidence=0.99" 
@@TRAX:frame "file:///root/collab/vot-workspace/sequences/drone1/color/00000011.jpg" 
@@TRAX:state "528.5000,251.1000,29.4000,28.4000" "confidence=0.99" 
@@TRAX:frame "file:///root/collab/vot-workspace/sequences/drone1/color/00000012.jpg" 
@@TRAX:state "536.6000,256.0000,29.0000,28.0000" "confidence=0.99" 
@@TRAX:frame "file:///root/collab/vot-workspace/sequences/drone1/color/00000013.jpg" 
@@TRAX:state "543.4000,257.8000,30.2000,29.4000" "confidence=0.99" 
@@TRAX:frame "file:///root/collab/vot-workspace/sequences/drone1/color/00000014.jpg" 
@@TRAX:state "553.2000,261.6000,29.2000,28.6000" "confidence=0.99" 
@@TRAX:frame "file:///root/collab/vot-workspace/sequences/drone1/color/00000015.jpg" 
@@TRAX:state "563.2000,262.2000,29.2000,28.2000" "confidence=0.99" 
@@TRAX:frame "file:///root/collab/vot-workspace/sequences/drone1/color/00000016.jpg" 
@@TRAX:state "571.2000,263.0000,29.8000,28.8000" "confidence=0.99" 
@@TRAX:frame "file:///root/collab/vot-workspace/sequences/drone1/color/00000017.jpg" 
@@TRAX:state "582.6000,265.8000,30.6000,29.6000" "confidence=0.99" 
@@TRAX:frame "file:///root/collab/vot-workspace/sequences/drone1/color/00000018.jpg" 
@@TRAX:state "594.8000,265.8000,30.8000,29.8000" "confidence=0.99" 
@@TRAX:frame "file:///root/collab/vot-workspace/sequences/drone1/color/00000019.jpg" 
@@TRAX:state "605.2000,268.4000,31.2000,30.2000" "confidence=0.99" 
@@TRAX:frame "file:///root/collab/vot-workspace/sequences/drone1/color/00000020.jpg" 
@@TRAX:state "614.8000,270.8000,31.4000,30.4000" "confidence=0.99" 
@@TRAX:frame "file:///root/collab/vot-workspace/sequences/drone1/color/00000021.jpg" 
@@TRAX:state "621.6000,272.0000,31.4000,30.4000" "confidence=0.99" 
@@TRAX:frame "file:///root/collab/vot-workspace/sequences/drone1/color/00000022.jpg" 
@@TRAX:state "632.2000,273.4000,33.2000,32.4000" "confidence=0.99" 
@@TRAX:frame "file:///root/collab/vot-workspace/sequences/drone1/color/00000023.jpg" 
@@TRAX:state "632.2000,273.4000,33.2000,32.4000" "confidence=0.99" 
@@TRAX:frame "file:///root/collab/vot-workspace/sequences/drone1/color/00000024.jpg" 
@@TRAX:state "644.2000,277.2000,33.8000,33.0000" "confidence=0.99" 
@@TRAX:frame "file:///root/collab/vot-workspace/sequences/drone1/color/00000025.jpg" 
@@TRAX:state "649.0000,279.2000,33.6000,32.8000" "confidence=0.99" 
@@TRAX:frame "file:///root/collab/vot-workspace/sequences/drone1/color/00000026.jpg" 
@@TRAX:state "656.2000,278.2000,34.0000,33.2000" "confidence=0.99" 
@@TRAX:frame "file:///root/collab/vot-workspace/sequences/drone1/color/00000027.jpg" 
@@TRAX:state "662.6000,276.0000,33.0000,32.2000" "confidence=0.99" 
@@TRAX:frame "file:///root/collab/vot-workspace/sequences/drone1/color/00000028.jpg" 
@@TRAX:state "649.9326,270.5468,39.4153,38.4879" "confidence=0.99" 
@@TRAX:frame "file:///root/collab/vot-workspace/sequences/drone1/color/00000029.jpg" 
@@TRAX:state "662.0000,276.0000,42.2000,41.2000" "confidence=0.99" 
@@TRAX:frame "file:///root/collab/vot-workspace/sequences/drone1/color/00000030.jpg" 
@@TRAX:state "668.9066,277.7990,38.5148,37.6021" "confidence=0.99" 
@@TRAX:frame "file:///root/collab/vot-workspace/sequences/drone1/color/00000031.jpg" 
@@TRAX:state "671.2175,277.7990,38.5148,37.6021" "confidence=0.99" 
@@TRAX:frame "file:///root/collab/vot-workspace/sequences/drone1/color/00000032.jpg" 
@@TRAX:state "671.2175,277.7990,38.5148,37.6021" "confidence=0.99" 
@@TRAX:frame "file:///root/collab/vot-workspace/sequences/drone1/color/00000033.jpg" 
@@TRAX:state "679.2000,275.4000,38.4000,37.4000" "confidence=0.99" 
@@TRAX:frame "file:///root/collab/vot-workspace/sequences/drone1/color/00000034.jpg" 
@@TRAX:state "684.2000,274.2000,40.0000,39.0000" "confidence=0.99" 
@@TRAX:frame "file:///root/collab/vot-workspace/sequences/drone1/color/00000035.jpg" 
@@TRAX:state "685.9814,265.3367,43.7091,42.6164" "confidence=0.99" 
@@TRAX:frame "file:///root/collab/vot-workspace/sequences/drone1/color/00000036.jpg" 
@@TRAX:state "685.9618,262.7606,46.3710,45.2117" "confidence=0.99" 
@@TRAX:frame "file:///root/collab/vot-workspace/sequences/drone1/color/00000037.jpg" 
@@TRAX:state "689.4396,259.3290,47.7621,46.5680" "confidence=0.99" 
@@TRAX:frame "file:///root/collab/vot-workspace/sequences/drone1/color/00000038.jpg" 
@@TRAX:state "691.2000,256.2000,47.4000,46.0000" "confidence=0.99" 
@@TRAX:frame "file:///root/collab/vot-workspace/sequences/drone1/color/00000039.jpg" 
@@TRAX:state "701.2000,251.4000,47.4000,46.4000" "confidence=0.99" 
@@TRAX:frame "file:///root/collab/vot-workspace/sequences/drone1/color/00000040.jpg" 
@@TRAX:state "712.4000,247.2000,46.0000,45.2000" "confidence=0.99" 
@@TRAX:frame "file:///root/collab/vot-workspace/sequences/drone1/color/00000041.jpg" 
@@TRAX:state "718.6000,241.0000,48.0000,47.0000" "confidence=0.99" 
@@TRAX:frame "file:///root/collab/vot-workspace/sequences/drone1/color/00000042.jpg" 
@@TRAX:state "725.0000,235.0000,50.0000,49.0000" "confidence=0.99" 
@@TRAX:frame "file:///root/collab/vot-workspace/sequences/drone1/color/00000043.jpg" 
@@TRAX:state "738.2000,227.4000,50.8000,49.8000" "confidence=0.99" 
@@TRAX:frame "file:///root/collab/vot-workspace/sequences/drone1/color/00000044.jpg" 
@@TRAX:state "738.2000,227.4000,50.8000,49.8000" "confidence=0.99" 
@@TRAX:frame "file:///root/collab/vot-workspace/sequences/drone1/color/00000045.jpg" 
@@TRAX:state "767.6000,220.2000,52.0000,51.0000" "confidence=0.99" 
@@TRAX:frame "file:///root/collab/vot-workspace/sequences/drone1/color/00000046.jpg" 
@@TRAX:state "780.0800,215.6100,52.0000,51.0000" "confidence=0.99" 
@@TRAX:frame "file:///root/collab/vot-workspace/sequences/drone1/color/00000047.jpg" 
@@TRAX:state "780.4000,214.0000,52.6000,51.6000" "confidence=0.99" 
@@TRAX:frame "file:///root/collab/vot-workspace/sequences/drone1/color/00000048.jpg" 
@@TRAX:state "780.4000,223.2880,52.6000,51.6000" "confidence=0.99" 
@@TRAX:frame "file:///root/collab/vot-workspace/sequences/drone1/color/00000049.jpg" 
@@TRAX:state "786.0000,219.8000,54.0000,53.0000" "confidence=0.99" 
@@TRAX:quit 
WARNING:tensorflow:
The TensorFlow contrib module will not be included in TensorFlow 2.0.
For more information, please see:
  * https://github.com/tensorflow/community/blob/master/rfcs/20180907-contrib-sunset.md
  * https://github.com/tensorflow/addons
  * https://github.com/tensorflow/io (for I/O related ops)
If you depend on functionality not listed there, please file an issue.

@@TRAX:hello "trax.name=" "trax.family=" "trax.image=path;" "trax.region=rectangle;" "trax.description=" "trax.version=2" "trax.channels=color;" 
@@TRAX:initialize "file:///root/collab/vot-workspace/sequences/drone1/color/00000054.jpg" "921.8000,202.8000,20.6000,14.8000" 
@@TRAX:state "921.8000,202.8000,20.6000,14.8000" 
@@TRAX:frame "file:///root/collab/vot-workspace/sequences/drone1/color/00000055.jpg" 
WARNING:tensorflow:From /root/collab/tracker/ADT.py:40: The name tf.placeholder_with_default is deprecated. Please use tf.compat.v1.placeholder_with_default instead.

WARNING:tensorflow:From /root/collab/tracker/ADT.py:40: The name tf.placeholder_with_default is deprecated. Please use tf.compat.v1.placeholder_with_default instead.

WARNING:tensorflow:From /root/collab/tracker/ADT.py:46: calling crop_and_resize_v1 (from tensorflow.python.ops.image_ops_impl) with box_ind is deprecated and will be removed in a future version.
Instructions for updating:
box_ind is deprecated, use box_indices instead
WARNING:tensorflow:From /root/collab/tracker/ADT.py:46: calling crop_and_resize_v1 (from tensorflow.python.ops.image_ops_impl) with box_ind is deprecated and will be removed in a future version.
Instructions for updating:
box_ind is deprecated, use box_indices instead
WARNING:tensorflow:From /root/collab/tracker/tracker_util.py:141: The name tf.variable_scope is deprecated. Please use tf.compat.v1.variable_scope instead.

WARNING:tensorflow:From /root/collab/tracker/tracker_util.py:141: The name tf.variable_scope is deprecated. Please use tf.compat.v1.variable_scope instead.

WARNING:tensorflow:Entity <bound method Conv2D.call of <tensorflow.python.layers.convolutional.Conv2D object at 0x7f03b32b1790>> could not be transformed and will be executed as-is. Please report this to the AutgoGraph team. When filing the bug, set the v
WARNING:tensorflow:Entity <bound method Conv2D.call of <tensorflow.python.layers.convolutional.Conv2D object at 0x7f03b32b1790>> could not be transformed and will be executed as-is. Please report this to the AutgoGraph team. When filing the bug, set the v
WARNING:tensorflow:Entity <bound method MaxPooling2D.call of <tensorflow.python.layers.pooling.MaxPooling2D object at 0x7f03b32b1f10>> could not be transformed and will be executed as-is. Please report this to the AutgoGraph team. When filing the bug, set
WARNING:tensorflow:Entity <bound method MaxPooling2D.call of <tensorflow.python.layers.pooling.MaxPooling2D object at 0x7f03b32b1f10>> could not be transformed and will be executed as-is. Please report this to the AutgoGraph team. When filing the bug, set
WARNING:tensorflow:Entity <bound method Conv2D.call of <tensorflow.python.layers.convolutional.Conv2D object at 0x7f03b32c9150>> could not be transformed and will be executed as-is. Please report this to the AutgoGraph team. When filing the bug, set the v
WARNING:tensorflow:Entity <bound method Conv2D.call of <tensorflow.python.layers.convolutional.Conv2D object at 0x7f03b32c9150>> could not be transformed and will be executed as-is. Please report this to the AutgoGraph team. When filing the bug, set the v
WARNING:tensorflow:Entity <bound method MaxPooling2D.call of <tensorflow.python.layers.pooling.MaxPooling2D object at 0x7f03b32b1f10>> could not be transformed and will be executed as-is. Please report this to the AutgoGraph team. When filing the bug, set
WARNING:tensorflow:Entity <bound method MaxPooling2D.call of <tensorflow.python.layers.pooling.MaxPooling2D object at 0x7f03b32b1f10>> could not be transformed and will be executed as-is. Please report this to the AutgoGraph team. When filing the bug, set
WARNING:tensorflow:Entity <bound method Conv2D.call of <tensorflow.python.layers.convolutional.Conv2D object at 0x7f03b32c9550>> could not be transformed and will be executed as-is. Please report this to the AutgoGraph team. When filing the bug, set the v
WARNING:tensorflow:Entity <bound method Conv2D.call of <tensorflow.python.layers.convolutional.Conv2D object at 0x7f03b32c9550>> could not be transformed and will be executed as-is. Please report this to the AutgoGraph team. When filing the bug, set the v
WARNING:tensorflow:Entity <bound method Conv2D.call of <tensorflow.python.layers.convolutional.Conv2D object at 0x7f03b20fd390>> could not be transformed and will be executed as-is. Please report this to the AutgoGraph team. When filing the bug, set the v
WARNING:tensorflow:Entity <bound method Conv2D.call of <tensorflow.python.layers.convolutional.Conv2D object at 0x7f03b20fd390>> could not be transformed and will be executed as-is. Please report this to the AutgoGraph team. When filing the bug, set the v
WARNING:tensorflow:Entity <bound method Conv2D.call of <tensorflow.python.layers.convolutional.Conv2D object at 0x7f03b20fdc50>> could not be transformed and will be executed as-is. Please report this to the AutgoGraph team. When filing the bug, set the v
WARNING:tensorflow:Entity <bound method Conv2D.call of <tensorflow.python.layers.convolutional.Conv2D object at 0x7f03b20fdc50>> could not be transformed and will be executed as-is. Please report this to the AutgoGraph team. When filing the bug, set the v
WARNING:tensorflow:Entity <bound method Conv2D.call of <tensorflow.python.layers.convolutional.Conv2D object at 0x7f03b20a98d0>> could not be transformed and will be executed as-is. Please report this to the AutgoGraph team. When filing the bug, set the v
WARNING:tensorflow:Entity <bound method Conv2D.call of <tensorflow.python.layers.convolutional.Conv2D object at 0x7f03b20a98d0>> could not be transformed and will be executed as-is. Please report this to the AutgoGraph team. When filing the bug, set the v
WARNING:tensorflow:From /usr/local/lib/python2.7/dist-packages/tensorflow/contrib/layers/python/layers/layers.py:1634: flatten (from tensorflow.python.layers.core) is deprecated and will be removed in a future version.
Instructions for updating:
Use keras.layers.flatten instead.
WARNING:tensorflow:From /usr/local/lib/python2.7/dist-packages/tensorflow/contrib/layers/python/layers/layers.py:1634: flatten (from tensorflow.python.layers.core) is deprecated and will be removed in a future version.
Instructions for updating:
Use keras.layers.flatten instead.
WARNING:tensorflow:Entity <bound method Flatten.call of <tensorflow.python.layers.core.Flatten object at 0x7f03b20a3950>> could not be transformed and will be executed as-is. Please report this to the AutgoGraph team. When filing the bug, set the verbosit
WARNING:tensorflow:Entity <bound method Flatten.call of <tensorflow.python.layers.core.Flatten object at 0x7f03b20a3950>> could not be transformed and will be executed as-is. Please report this to the AutgoGraph team. When filing the bug, set the verbosit
WARNING:tensorflow:Entity <bound method Dense.call of <tensorflow.python.layers.core.Dense object at 0x7f03b20a3950>> could not be transformed and will be executed as-is. Please report this to the AutgoGraph team. When filing the bug, set the verbosity to
WARNING:tensorflow:Entity <bound method Dense.call of <tensorflow.python.layers.core.Dense object at 0x7f03b20a3950>> could not be transformed and will be executed as-is. Please report this to the AutgoGraph team. When filing the bug, set the verbosity to
WARNING:tensorflow:Entity <bound method Dense.call of <tensorflow.python.layers.core.Dense object at 0x7f03b20961d0>> could not be transformed and will be executed as-is. Please report this to the AutgoGraph team. When filing the bug, set the verbosity to
WARNING:tensorflow:Entity <bound method Dense.call of <tensorflow.python.layers.core.Dense object at 0x7f03b20961d0>> could not be transformed and will be executed as-is. Please report this to the AutgoGraph team. When filing the bug, set the verbosity to
WARNING:tensorflow:From /root/collab/tracker/ADT.py:67: The name tf.losses.softmax_cross_entropy is deprecated. Please use tf.compat.v1.losses.softmax_cross_entropy instead.

WARNING:tensorflow:From /root/collab/tracker/ADT.py:67: The name tf.losses.softmax_cross_entropy is deprecated. Please use tf.compat.v1.losses.softmax_cross_entropy instead.

WARNING:tensorflow:From /usr/local/lib/python2.7/dist-packages/tensorflow/python/ops/losses/losses_impl.py:121: where (from tensorflow.python.ops.array_ops) is deprecated and will be removed in a future version.
Instructions for updating:
Use tf.where in 2.0, which has the same broadcast rule as np.where
WARNING:tensorflow:From /usr/local/lib/python2.7/dist-packages/tensorflow/python/ops/losses/losses_impl.py:121: where (from tensorflow.python.ops.array_ops) is deprecated and will be removed in a future version.
Instructions for updating:
Use tf.where in 2.0, which has the same broadcast rule as np.where
WARNING:tensorflow:From /root/collab/tracker/ADT.py:70: The name tf.placeholder is deprecated. Please use tf.compat.v1.placeholder instead.

WARNING:tensorflow:From /root/collab/tracker/ADT.py:70: The name tf.placeholder is deprecated. Please use tf.compat.v1.placeholder instead.

WARNING:tensorflow:From /root/collab/tracker/ADT.py:74: The name tf.get_collection is deprecated. Please use tf.compat.v1.get_collection instead.

WARNING:tensorflow:From /root/collab/tracker/ADT.py:74: The name tf.get_collection is deprecated. Please use tf.compat.v1.get_collection instead.

WARNING:tensorflow:From /root/collab/tracker/ADT.py:74: The name tf.GraphKeys is deprecated. Please use tf.compat.v1.GraphKeys instead.

WARNING:tensorflow:From /root/collab/tracker/ADT.py:74: The name tf.GraphKeys is deprecated. Please use tf.compat.v1.GraphKeys instead.

WARNING:tensorflow:From /root/collab/tracker/ADT.py:98: The name tf.train.AdamOptimizer is deprecated. Please use tf.compat.v1.train.AdamOptimizer instead.

WARNING:tensorflow:From /root/collab/tracker/ADT.py:98: The name tf.train.AdamOptimizer is deprecated. Please use tf.compat.v1.train.AdamOptimizer instead.

2019-11-12 12:21:17.878250: I tensorflow/core/platform/cpu_feature_guard.cc:142] Your CPU supports instructions that this TensorFlow binary was not compiled to use: AVX2 FMA
2019-11-12 12:21:17.885213: I tensorflow/core/platform/profile_utils/cpu_utils.cc:94] CPU Frequency: 2294680000 Hz
2019-11-12 12:21:17.886193: I tensorflow/compiler/xla/service/service.cc:168] XLA service 0x55a4577e7d60 executing computations on platform Host. Devices:
2019-11-12 12:21:17.886221: I tensorflow/compiler/xla/service/service.cc:175]   StreamExecutor device (0): <undefined>, <undefined>
2019-11-12 12:21:18.010686: W tensorflow/compiler/jit/mark_for_compilation_pass.cc:1412] (One-time warning): Not using XLA:CPU for cluster because envvar TF_XLA_FLAGS=--tf_xla_cpu_global_jit was not set.  If you want XLA:CPU, either set that envvar, or us
2019-11-12 12:21:18.504119: W tensorflow/core/framework/allocator.cc:107] Allocation of 377529600 exceeds 10% of system memory.
2019-11-12 12:21:19.313701: W tensorflow/core/framework/allocator.cc:107] Allocation of 377529600 exceeds 10% of system memory.
@@TRAX:state "922.0000,199.4000,21.4000,14.8000" "confidence=0.99" 
@@TRAX:frame "file:///root/collab/vot-workspace/sequences/drone1/color/00000056.jpg" 
@@TRAX:state "915.2000,197.8000,22.4000,15.4000" "confidence=0.99" 
@@TRAX:quit 
WARNING:tensorflow:
The TensorFlow contrib module will not be included in TensorFlow 2.0.
For more information, please see:
  * https://github.com/tensorflow/community/blob/master/rfcs/20180907-contrib-sunset.md
  * https://github.com/tensorflow/addons
  * https://github.com/tensorflow/io (for I/O related ops)
If you depend on functionality not listed there, please file an issue.

@@TRAX:hello "trax.name=" "trax.family=" "trax.image=path;" "trax.region=rectangle;" "trax.description=" "trax.version=2" "trax.channels=color;" 
@@TRAX:initialize "file:///root/collab/vot-workspace/sequences/drone1/color/00000061.jpg" "1010.5000,164.1100,20.7000,16.4600" 
@@TRAX:state "1010.5000,164.1100,20.7000,16.4600" 
@@TRAX:frame "file:///root/collab/vot-workspace/sequences/drone1/color/00000062.jpg" 
WARNING:tensorflow:From /root/collab/tracker/ADT.py:40: The name tf.placeholder_with_default is deprecated. Please use tf.compat.v1.placeholder_with_default instead.

WARNING:tensorflow:From /root/collab/tracker/ADT.py:40: The name tf.placeholder_with_default is deprecated. Please use tf.compat.v1.placeholder_with_default instead.

WARNING:tensorflow:From /root/collab/tracker/ADT.py:46: calling crop_and_resize_v1 (from tensorflow.python.ops.image_ops_impl) with box_ind is deprecated and will be removed in a future version.
Instructions for updating:
box_ind is deprecated, use box_indices instead
WARNING:tensorflow:From /root/collab/tracker/ADT.py:46: calling crop_and_resize_v1 (from tensorflow.python.ops.image_ops_impl) with box_ind is deprecated and will be removed in a future version.
Instructions for updating:
box_ind is deprecated, use box_indices instead
WARNING:tensorflow:From /root/collab/tracker/tracker_util.py:141: The name tf.variable_scope is deprecated. Please use tf.compat.v1.variable_scope instead.

WARNING:tensorflow:From /root/collab/tracker/tracker_util.py:141: The name tf.variable_scope is deprecated. Please use tf.compat.v1.variable_scope instead.

WARNING:tensorflow:Entity <bound method Conv2D.call of <tensorflow.python.layers.convolutional.Conv2D object at 0x7f721d497790>> could not be transformed and will be executed as-is. Please report this to the AutgoGraph team. When filing the bug, set the v
WARNING:tensorflow:Entity <bound method Conv2D.call of <tensorflow.python.layers.convolutional.Conv2D object at 0x7f721d497790>> could not be transformed and will be executed as-is. Please report this to the AutgoGraph team. When filing the bug, set the v
WARNING:tensorflow:Entity <bound method MaxPooling2D.call of <tensorflow.python.layers.pooling.MaxPooling2D object at 0x7f721d497f10>> could not be transformed and will be executed as-is. Please report this to the AutgoGraph team. When filing the bug, set
WARNING:tensorflow:Entity <bound method MaxPooling2D.call of <tensorflow.python.layers.pooling.MaxPooling2D object at 0x7f721d497f10>> could not be transformed and will be executed as-is. Please report this to the AutgoGraph team. When filing the bug, set
WARNING:tensorflow:Entity <bound method Conv2D.call of <tensorflow.python.layers.convolutional.Conv2D object at 0x7f721d4af150>> could not be transformed and will be executed as-is. Please report this to the AutgoGraph team. When filing the bug, set the v
WARNING:tensorflow:Entity <bound method Conv2D.call of <tensorflow.python.layers.convolutional.Conv2D object at 0x7f721d4af150>> could not be transformed and will be executed as-is. Please report this to the AutgoGraph team. When filing the bug, set the v
WARNING:tensorflow:Entity <bound method MaxPooling2D.call of <tensorflow.python.layers.pooling.MaxPooling2D object at 0x7f721d497f10>> could not be transformed and will be executed as-is. Please report this to the AutgoGraph team. When filing the bug, set
WARNING:tensorflow:Entity <bound method MaxPooling2D.call of <tensorflow.python.layers.pooling.MaxPooling2D object at 0x7f721d497f10>> could not be transformed and will be executed as-is. Please report this to the AutgoGraph team. When filing the bug, set
WARNING:tensorflow:Entity <bound method Conv2D.call of <tensorflow.python.layers.convolutional.Conv2D object at 0x7f721d4af550>> could not be transformed and will be executed as-is. Please report this to the AutgoGraph team. When filing the bug, set the v
WARNING:tensorflow:Entity <bound method Conv2D.call of <tensorflow.python.layers.convolutional.Conv2D object at 0x7f721d4af550>> could not be transformed and will be executed as-is. Please report this to the AutgoGraph team. When filing the bug, set the v
WARNING:tensorflow:Entity <bound method Conv2D.call of <tensorflow.python.layers.convolutional.Conv2D object at 0x7f721c2e2390>> could not be transformed and will be executed as-is. Please report this to the AutgoGraph team. When filing the bug, set the v
WARNING:tensorflow:Entity <bound method Conv2D.call of <tensorflow.python.layers.convolutional.Conv2D object at 0x7f721c2e2390>> could not be transformed and will be executed as-is. Please report this to the AutgoGraph team. When filing the bug, set the v
WARNING:tensorflow:Entity <bound method Conv2D.call of <tensorflow.python.layers.convolutional.Conv2D object at 0x7f721c2e2c50>> could not be transformed and will be executed as-is. Please report this to the AutgoGraph team. When filing the bug, set the v
WARNING:tensorflow:Entity <bound method Conv2D.call of <tensorflow.python.layers.convolutional.Conv2D object at 0x7f721c2e2c50>> could not be transformed and will be executed as-is. Please report this to the AutgoGraph team. When filing the bug, set the v
WARNING:tensorflow:Entity <bound method Conv2D.call of <tensorflow.python.layers.convolutional.Conv2D object at 0x7f721c289550>> could not be transformed and will be executed as-is. Please report this to the AutgoGraph team. When filing the bug, set the v
WARNING:tensorflow:Entity <bound method Conv2D.call of <tensorflow.python.layers.convolutional.Conv2D object at 0x7f721c289550>> could not be transformed and will be executed as-is. Please report this to the AutgoGraph team. When filing the bug, set the v
WARNING:tensorflow:From /usr/local/lib/python2.7/dist-packages/tensorflow/contrib/layers/python/layers/layers.py:1634: flatten (from tensorflow.python.layers.core) is deprecated and will be removed in a future version.
Instructions for updating:
Use keras.layers.flatten instead.
WARNING:tensorflow:From /usr/local/lib/python2.7/dist-packages/tensorflow/contrib/layers/python/layers/layers.py:1634: flatten (from tensorflow.python.layers.core) is deprecated and will be removed in a future version.
Instructions for updating:
Use keras.layers.flatten instead.
WARNING:tensorflow:Entity <bound method Flatten.call of <tensorflow.python.layers.core.Flatten object at 0x7f721c2927d0>> could not be transformed and will be executed as-is. Please report this to the AutgoGraph team. When filing the bug, set the verbosit
WARNING:tensorflow:Entity <bound method Flatten.call of <tensorflow.python.layers.core.Flatten object at 0x7f721c2927d0>> could not be transformed and will be executed as-is. Please report this to the AutgoGraph team. When filing the bug, set the verbosit
WARNING:tensorflow:Entity <bound method Dense.call of <tensorflow.python.layers.core.Dense object at 0x7f721c2927d0>> could not be transformed and will be executed as-is. Please report this to the AutgoGraph team. When filing the bug, set the verbosity to
WARNING:tensorflow:Entity <bound method Dense.call of <tensorflow.python.layers.core.Dense object at 0x7f721c2927d0>> could not be transformed and will be executed as-is. Please report this to the AutgoGraph team. When filing the bug, set the verbosity to
WARNING:tensorflow:Entity <bound method Dense.call of <tensorflow.python.layers.core.Dense object at 0x7f721c27c1d0>> could not be transformed and will be executed as-is. Please report this to the AutgoGraph team. When filing the bug, set the verbosity to
WARNING:tensorflow:Entity <bound method Dense.call of <tensorflow.python.layers.core.Dense object at 0x7f721c27c1d0>> could not be transformed and will be executed as-is. Please report this to the AutgoGraph team. When filing the bug, set the verbosity to
WARNING:tensorflow:From /root/collab/tracker/ADT.py:67: The name tf.losses.softmax_cross_entropy is deprecated. Please use tf.compat.v1.losses.softmax_cross_entropy instead.

WARNING:tensorflow:From /root/collab/tracker/ADT.py:67: The name tf.losses.softmax_cross_entropy is deprecated. Please use tf.compat.v1.losses.softmax_cross_entropy instead.

WARNING:tensorflow:From /usr/local/lib/python2.7/dist-packages/tensorflow/python/ops/losses/losses_impl.py:121: where (from tensorflow.python.ops.array_ops) is deprecated and will be removed in a future version.
Instructions for updating:
Use tf.where in 2.0, which has the same broadcast rule as np.where
WARNING:tensorflow:From /usr/local/lib/python2.7/dist-packages/tensorflow/python/ops/losses/losses_impl.py:121: where (from tensorflow.python.ops.array_ops) is deprecated and will be removed in a future version.
Instructions for updating:
Use tf.where in 2.0, which has the same broadcast rule as np.where
WARNING:tensorflow:From /root/collab/tracker/ADT.py:70: The name tf.placeholder is deprecated. Please use tf.compat.v1.placeholder instead.

WARNING:tensorflow:From /root/collab/tracker/ADT.py:70: The name tf.placeholder is deprecated. Please use tf.compat.v1.placeholder instead.

WARNING:tensorflow:From /root/collab/tracker/ADT.py:74: The name tf.get_collection is deprecated. Please use tf.compat.v1.get_collection instead.

WARNING:tensorflow:From /root/collab/tracker/ADT.py:74: The name tf.get_collection is deprecated. Please use tf.compat.v1.get_collection instead.

WARNING:tensorflow:From /root/collab/tracker/ADT.py:74: The name tf.GraphKeys is deprecated. Please use tf.compat.v1.GraphKeys instead.

WARNING:tensorflow:From /root/collab/tracker/ADT.py:74: The name tf.GraphKeys is deprecated. Please use tf.compat.v1.GraphKeys instead.

WARNING:tensorflow:From /root/collab/tracker/ADT.py:98: The name tf.train.AdamOptimizer is deprecated. Please use tf.compat.v1.train.AdamOptimizer instead.

WARNING:tensorflow:From /root/collab/tracker/ADT.py:98: The name tf.train.AdamOptimizer is deprecated. Please use tf.compat.v1.train.AdamOptimizer instead.

2019-11-12 12:21:41.616448: I tensorflow/core/platform/cpu_feature_guard.cc:142] Your CPU supports instructions that this TensorFlow binary was not compiled to use: AVX2 FMA
2019-11-12 12:21:41.624038: I tensorflow/core/platform/profile_utils/cpu_utils.cc:94] CPU Frequency: 2294680000 Hz
2019-11-12 12:21:41.624450: I tensorflow/compiler/xla/service/service.cc:168] XLA service 0x561c7f855860 executing computations on platform Host. Devices:
2019-11-12 12:21:41.624471: I tensorflow/compiler/xla/service/service.cc:175]   StreamExecutor device (0): <undefined>, <undefined>
2019-11-12 12:21:41.754940: W tensorflow/compiler/jit/mark_for_compilation_pass.cc:1412] (One-time warning): Not using XLA:CPU for cluster because envvar TF_XLA_FLAGS=--tf_xla_cpu_global_jit was not set.  If you want XLA:CPU, either set that envvar, or us
2019-11-12 12:21:42.209810: W tensorflow/core/framework/allocator.cc:107] Allocation of 377529600 exceeds 10% of system memory.
2019-11-12 12:21:43.022972: W tensorflow/core/framework/allocator.cc:107] Allocation of 377529600 exceeds 10% of system memory.
@@TRAX:state "1019.6000,162.8000,20.8000,16.6000" "confidence=0.99" 
@@TRAX:frame "file:///root/collab/vot-workspace/sequences/drone1/color/00000063.jpg" 
@@TRAX:state "1025.6000,160.0000,21.6000,17.0000" "confidence=0.99" 
@@TRAX:frame "file:///root/collab/vot-workspace/sequences/drone1/color/00000064.jpg" 
@@TRAX:state "1038.0000,162.0000,21.0000,16.4000" "confidence=0.99" 
@@TRAX:frame "file:///root/collab/vot-workspace/sequences/drone1/color/00000065.jpg" 
@@TRAX:state "1046.8000,167.4000,20.6000,16.0000" "confidence=0.99" 
@@TRAX:frame "file:///root/collab/vot-workspace/sequences/drone1/color/00000066.jpg" 
@@TRAX:state "1054.2000,174.0000,20.8000,16.0000" "confidence=0.99" 
@@TRAX:frame "file:///root/collab/vot-workspace/sequences/drone1/color/00000067.jpg" 
@@TRAX:state "1060.6000,171.8000,20.6000,16.0000" "confidence=0.99" 
@@TRAX:frame "file:///root/collab/vot-workspace/sequences/drone1/color/00000068.jpg" 
@@TRAX:state "1068.4000,167.0000,20.8000,16.0000" "confidence=0.99" 
@@TRAX:frame "file:///root/collab/vot-workspace/sequences/drone1/color/00000069.jpg" 
@@TRAX:state "1069.8000,159.6000,20.8000,16.0000" "confidence=0.99" 
@@TRAX:frame "file:///root/collab/vot-workspace/sequences/drone1/color/00000070.jpg" 
@@TRAX:state "1072.0000,150.0000,21.0000,16.2000" "confidence=0.99" 
@@TRAX:frame "file:///root/collab/vot-workspace/sequences/drone1/color/00000071.jpg" 
@@TRAX:state "1078.4000,143.2000,21.0000,16.2000" "confidence=0.99" 
@@TRAX:frame "file:///root/collab/vot-workspace/sequences/drone1/color/00000072.jpg" 
@@TRAX:state "1081.2000,137.8000,20.4000,15.8000" "confidence=0.99" 
@@TRAX:frame "file:///root/collab/vot-workspace/sequences/drone1/color/00000073.jpg" 
@@TRAX:state "1083.0000,131.6000,20.8000,16.0000" "confidence=0.99" 
@@TRAX:frame "file:///root/collab/vot-workspace/sequences/drone1/color/00000074.jpg" 
@@TRAX:state "1082.8000,127.0000,21.2000,16.4000" "confidence=0.99" 
@@TRAX:frame "file:///root/collab/vot-workspace/sequences/drone1/color/00000075.jpg" 
@@TRAX:state "1084.4000,121.2000,22.2000,17.2000" "confidence=0.99" 
@@TRAX:frame "file:///root/collab/vot-workspace/sequences/drone1/color/00000076.jpg" 
@@TRAX:state "1086.4000,117.2000,22.2000,17.2000" "confidence=0.99" 
@@TRAX:frame "file:///root/collab/vot-workspace/sequences/drone1/color/00000077.jpg" 
@@TRAX:state "1091.9000,116.7000,19.2000,14.2000" "confidence=0.99" 
@@TRAX:frame "file:///root/collab/vot-workspace/sequences/drone1/color/00000078.jpg" 
@@TRAX:state "1091.9000,114.7000,19.2000,14.2000" "confidence=0.99" 
@@TRAX:frame "file:///root/collab/vot-workspace/sequences/drone1/color/00000079.jpg" 
@@TRAX:state "1095.8000,108.4000,19.2000,14.2000" "confidence=0.99" 
@@TRAX:frame "file:///root/collab/vot-workspace/sequences/drone1/color/00000080.jpg" 
@@TRAX:state "1097.6000,97.8000,19.2000,14.0000" "confidence=0.99" 
@@TRAX:frame "file:///root/collab/vot-workspace/sequences/drone1/color/00000081.jpg" 
@@TRAX:state "1100.0000,96.6000,20.6000,14.8000" "confidence=0.99" 
@@TRAX:frame "file:///root/collab/vot-workspace/sequences/drone1/color/00000082.jpg" 
@@TRAX:state "1099.8000,102.8000,22.4000,16.0000" "confidence=0.99" 
@@TRAX:quit 
WARNING:tensorflow:
The TensorFlow contrib module will not be included in TensorFlow 2.0.
For more information, please see:
  * https://github.com/tensorflow/community/blob/master/rfcs/20180907-contrib-sunset.md
  * https://github.com/tensorflow/addons
  * https://github.com/tensorflow/io (for I/O related ops)
If you depend on functionality not listed there, please file an issue.

@@TRAX:hello "trax.name=" "trax.family=" "trax.image=path;" "trax.region=rectangle;" "trax.description=" "trax.version=2" "trax.channels=color;" 
@@TRAX:initialize "file:///root/collab/vot-workspace/sequences/drone1/color/00000087.jpg" "1126.8000,52.8460,17.6000,15.1540" 
@@TRAX:state "1126.8000,52.8460,17.6000,15.1540" 
@@TRAX:frame "file:///root/collab/vot-workspace/sequences/drone1/color/00000088.jpg" 
WARNING:tensorflow:From /root/collab/tracker/ADT.py:40: The name tf.placeholder_with_default is deprecated. Please use tf.compat.v1.placeholder_with_default instead.

WARNING:tensorflow:From /root/collab/tracker/ADT.py:40: The name tf.placeholder_with_default is deprecated. Please use tf.compat.v1.placeholder_with_default instead.

WARNING:tensorflow:From /root/collab/tracker/ADT.py:46: calling crop_and_resize_v1 (from tensorflow.python.ops.image_ops_impl) with box_ind is deprecated and will be removed in a future version.
Instructions for updating:
box_ind is deprecated, use box_indices instead
WARNING:tensorflow:From /root/collab/tracker/ADT.py:46: calling crop_and_resize_v1 (from tensorflow.python.ops.image_ops_impl) with box_ind is deprecated and will be removed in a future version.
Instructions for updating:
box_ind is deprecated, use box_indices instead
WARNING:tensorflow:From /root/collab/tracker/tracker_util.py:141: The name tf.variable_scope is deprecated. Please use tf.compat.v1.variable_scope instead.

WARNING:tensorflow:From /root/collab/tracker/tracker_util.py:141: The name tf.variable_scope is deprecated. Please use tf.compat.v1.variable_scope instead.

WARNING:tensorflow:Entity <bound method Conv2D.call of <tensorflow.python.layers.convolutional.Conv2D object at 0x7f63a83a4790>> could not be transformed and will be executed as-is. Please report this to the AutgoGraph team. When filing the bug, set the v
WARNING:tensorflow:Entity <bound method Conv2D.call of <tensorflow.python.layers.convolutional.Conv2D object at 0x7f63a83a4790>> could not be transformed and will be executed as-is. Please report this to the AutgoGraph team. When filing the bug, set the v
WARNING:tensorflow:Entity <bound method MaxPooling2D.call of <tensorflow.python.layers.pooling.MaxPooling2D object at 0x7f63a83a4f10>> could not be transformed and will be executed as-is. Please report this to the AutgoGraph team. When filing the bug, set
WARNING:tensorflow:Entity <bound method MaxPooling2D.call of <tensorflow.python.layers.pooling.MaxPooling2D object at 0x7f63a83a4f10>> could not be transformed and will be executed as-is. Please report this to the AutgoGraph team. When filing the bug, set
WARNING:tensorflow:Entity <bound method Conv2D.call of <tensorflow.python.layers.convolutional.Conv2D object at 0x7f63a83bc150>> could not be transformed and will be executed as-is. Please report this to the AutgoGraph team. When filing the bug, set the v
WARNING:tensorflow:Entity <bound method Conv2D.call of <tensorflow.python.layers.convolutional.Conv2D object at 0x7f63a83bc150>> could not be transformed and will be executed as-is. Please report this to the AutgoGraph team. When filing the bug, set the v
WARNING:tensorflow:Entity <bound method MaxPooling2D.call of <tensorflow.python.layers.pooling.MaxPooling2D object at 0x7f63a83a4f10>> could not be transformed and will be executed as-is. Please report this to the AutgoGraph team. When filing the bug, set
WARNING:tensorflow:Entity <bound method MaxPooling2D.call of <tensorflow.python.layers.pooling.MaxPooling2D object at 0x7f63a83a4f10>> could not be transformed and will be executed as-is. Please report this to the AutgoGraph team. When filing the bug, set
WARNING:tensorflow:Entity <bound method Conv2D.call of <tensorflow.python.layers.convolutional.Conv2D object at 0x7f63a83bc550>> could not be transformed and will be executed as-is. Please report this to the AutgoGraph team. When filing the bug, set the v
WARNING:tensorflow:Entity <bound method Conv2D.call of <tensorflow.python.layers.convolutional.Conv2D object at 0x7f63a83bc550>> could not be transformed and will be executed as-is. Please report this to the AutgoGraph team. When filing the bug, set the v
WARNING:tensorflow:Entity <bound method Conv2D.call of <tensorflow.python.layers.convolutional.Conv2D object at 0x7f63a31b6390>> could not be transformed and will be executed as-is. Please report this to the AutgoGraph team. When filing the bug, set the v
WARNING:tensorflow:Entity <bound method Conv2D.call of <tensorflow.python.layers.convolutional.Conv2D object at 0x7f63a31b6390>> could not be transformed and will be executed as-is. Please report this to the AutgoGraph team. When filing the bug, set the v
WARNING:tensorflow:Entity <bound method Conv2D.call of <tensorflow.python.layers.convolutional.Conv2D object at 0x7f63a31b6c50>> could not be transformed and will be executed as-is. Please report this to the AutgoGraph team. When filing the bug, set the v
WARNING:tensorflow:Entity <bound method Conv2D.call of <tensorflow.python.layers.convolutional.Conv2D object at 0x7f63a31b6c50>> could not be transformed and will be executed as-is. Please report this to the AutgoGraph team. When filing the bug, set the v
WARNING:tensorflow:Entity <bound method Conv2D.call of <tensorflow.python.layers.convolutional.Conv2D object at 0x7f63a3166450>> could not be transformed and will be executed as-is. Please report this to the AutgoGraph team. When filing the bug, set the v
WARNING:tensorflow:Entity <bound method Conv2D.call of <tensorflow.python.layers.convolutional.Conv2D object at 0x7f63a3166450>> could not be transformed and will be executed as-is. Please report this to the AutgoGraph team. When filing the bug, set the v
WARNING:tensorflow:From /usr/local/lib/python2.7/dist-packages/tensorflow/contrib/layers/python/layers/layers.py:1634: flatten (from tensorflow.python.layers.core) is deprecated and will be removed in a future version.
Instructions for updating:
Use keras.layers.flatten instead.
WARNING:tensorflow:From /usr/local/lib/python2.7/dist-packages/tensorflow/contrib/layers/python/layers/layers.py:1634: flatten (from tensorflow.python.layers.core) is deprecated and will be removed in a future version.
Instructions for updating:
Use keras.layers.flatten instead.
WARNING:tensorflow:Entity <bound method Flatten.call of <tensorflow.python.layers.core.Flatten object at 0x7f63a315d550>> could not be transformed and will be executed as-is. Please report this to the AutgoGraph team. When filing the bug, set the verbosit
WARNING:tensorflow:Entity <bound method Flatten.call of <tensorflow.python.layers.core.Flatten object at 0x7f63a315d550>> could not be transformed and will be executed as-is. Please report this to the AutgoGraph team. When filing the bug, set the verbosit
WARNING:tensorflow:Entity <bound method Dense.call of <tensorflow.python.layers.core.Dense object at 0x7f63a315d550>> could not be transformed and will be executed as-is. Please report this to the AutgoGraph team. When filing the bug, set the verbosity to
WARNING:tensorflow:Entity <bound method Dense.call of <tensorflow.python.layers.core.Dense object at 0x7f63a315d550>> could not be transformed and will be executed as-is. Please report this to the AutgoGraph team. When filing the bug, set the verbosity to
WARNING:tensorflow:Entity <bound method Dense.call of <tensorflow.python.layers.core.Dense object at 0x7f63a3150c10>> could not be transformed and will be executed as-is. Please report this to the AutgoGraph team. When filing the bug, set the verbosity to
WARNING:tensorflow:Entity <bound method Dense.call of <tensorflow.python.layers.core.Dense object at 0x7f63a3150c10>> could not be transformed and will be executed as-is. Please report this to the AutgoGraph team. When filing the bug, set the verbosity to
WARNING:tensorflow:From /root/collab/tracker/ADT.py:67: The name tf.losses.softmax_cross_entropy is deprecated. Please use tf.compat.v1.losses.softmax_cross_entropy instead.

WARNING:tensorflow:From /root/collab/tracker/ADT.py:67: The name tf.losses.softmax_cross_entropy is deprecated. Please use tf.compat.v1.losses.softmax_cross_entropy instead.

WARNING:tensorflow:From /usr/local/lib/python2.7/dist-packages/tensorflow/python/ops/losses/losses_impl.py:121: where (from tensorflow.python.ops.array_ops) is deprecated and will be removed in a future version.
Instructions for updating:
Use tf.where in 2.0, which has the same broadcast rule as np.where
WARNING:tensorflow:From /usr/local/lib/python2.7/dist-packages/tensorflow/python/ops/losses/losses_impl.py:121: where (from tensorflow.python.ops.array_ops) is deprecated and will be removed in a future version.
Instructions for updating:
Use tf.where in 2.0, which has the same broadcast rule as np.where
WARNING:tensorflow:From /root/collab/tracker/ADT.py:70: The name tf.placeholder is deprecated. Please use tf.compat.v1.placeholder instead.

WARNING:tensorflow:From /root/collab/tracker/ADT.py:70: The name tf.placeholder is deprecated. Please use tf.compat.v1.placeholder instead.

WARNING:tensorflow:From /root/collab/tracker/ADT.py:74: The name tf.get_collection is deprecated. Please use tf.compat.v1.get_collection instead.

WARNING:tensorflow:From /root/collab/tracker/ADT.py:74: The name tf.get_collection is deprecated. Please use tf.compat.v1.get_collection instead.

WARNING:tensorflow:From /root/collab/tracker/ADT.py:74: The name tf.GraphKeys is deprecated. Please use tf.compat.v1.GraphKeys instead.

WARNING:tensorflow:From /root/collab/tracker/ADT.py:74: The name tf.GraphKeys is deprecated. Please use tf.compat.v1.GraphKeys instead.

WARNING:tensorflow:From /root/collab/tracker/ADT.py:98: The name tf.train.AdamOptimizer is deprecated. Please use tf.compat.v1.train.AdamOptimizer instead.

WARNING:tensorflow:From /root/collab/tracker/ADT.py:98: The name tf.train.AdamOptimizer is deprecated. Please use tf.compat.v1.train.AdamOptimizer instead.

2019-11-12 12:23:19.053882: I tensorflow/core/platform/cpu_feature_guard.cc:142] Your CPU supports instructions that this TensorFlow binary was not compiled to use: AVX2 FMA
2019-11-12 12:23:19.060525: I tensorflow/core/platform/profile_utils/cpu_utils.cc:94] CPU Frequency: 2294680000 Hz
2019-11-12 12:23:19.060966: I tensorflow/compiler/xla/service/service.cc:168] XLA service 0x5628bdced1b0 executing computations on platform Host. Devices:
2019-11-12 12:23:19.060986: I tensorflow/compiler/xla/service/service.cc:175]   StreamExecutor device (0): <undefined>, <undefined>
2019-11-12 12:23:19.198356: W tensorflow/compiler/jit/mark_for_compilation_pass.cc:1412] (One-time warning): Not using XLA:CPU for cluster because envvar TF_XLA_FLAGS=--tf_xla_cpu_global_jit was not set.  If you want XLA:CPU, either set that envvar, or us
2019-11-12 12:23:19.656554: W tensorflow/core/framework/allocator.cc:107] Allocation of 377529600 exceeds 10% of system memory.
2019-11-12 12:23:20.460817: W tensorflow/core/framework/allocator.cc:107] Allocation of 377529600 exceeds 10% of system memory.
@@TRAX:state "1131.2000,52.4000,16.6000,14.6000" "confidence=0.99" 
@@TRAX:frame "file:///root/collab/vot-workspace/sequences/drone1/color/00000089.jpg" 
@@TRAX:state "1136.4000,46.6000,17.0000,15.0000" "confidence=0.99" 
@@TRAX:frame "file:///root/collab/vot-workspace/sequences/drone1/color/00000090.jpg" 
@@TRAX:state "1140.4000,43.4000,17.6000,15.6000" "confidence=0.99" 
@@TRAX:frame "file:///root/collab/vot-workspace/sequences/drone1/color/00000091.jpg" 
@@TRAX:state "1146.8000,43.4000,18.0000,15.8000" "confidence=0.99" 
@@TRAX:frame "file:///root/collab/vot-workspace/sequences/drone1/color/00000092.jpg" 
@@TRAX:state "1152.2000,43.0000,18.4000,16.2000" "confidence=0.99" 
@@TRAX:frame "file:///root/collab/vot-workspace/sequences/drone1/color/00000093.jpg" 
@@TRAX:state "1160.4000,41.0000,18.8000,16.8000" "confidence=0.99" 
@@TRAX:frame "file:///root/collab/vot-workspace/sequences/drone1/color/00000094.jpg" 
@@TRAX:state "1164.8000,39.2000,18.8000,17.0000" "confidence=0.99" 
@@TRAX:frame "file:///root/collab/vot-workspace/sequences/drone1/color/00000095.jpg" 
@@TRAX:state "1168.8000,36.8000,19.2000,17.2000" "confidence=0.99" 
@@TRAX:frame "file:///root/collab/vot-workspace/sequences/drone1/color/00000096.jpg" 
@@TRAX:state "1175.6000,39.8000,19.2000,17.2000" "confidence=0.99" 
@@TRAX:frame "file:///root/collab/vot-workspace/sequences/drone1/color/00000097.jpg" 
@@TRAX:state "1181.4000,41.0000,19.4000,17.4000" "confidence=0.99" 
@@TRAX:frame "file:///root/collab/vot-workspace/sequences/drone1/color/00000098.jpg" 
@@TRAX:state "1188.8000,44.4000,19.8000,17.8000" "confidence=0.99" 
@@TRAX:frame "file:///root/collab/vot-workspace/sequences/drone1/color/00000099.jpg" 
@@TRAX:state "1195.2000,48.0000,21.2000,19.0000" "confidence=0.99" 
@@TRAX:frame "file:///root/collab/vot-workspace/sequences/drone1/color/00000100.jpg" 
@@TRAX:state "1201.2000,53.4000,21.2000,19.2000" "confidence=0.99" 
@@TRAX:frame "file:///root/collab/vot-workspace/sequences/drone1/color/00000101.jpg" 
@@TRAX:state "1210.0000,56.6000,20.6000,18.6000" "confidence=0.99" 
@@TRAX:frame "file:///root/collab/vot-workspace/sequences/drone1/color/00000102.jpg" 
@@TRAX:state "1223.0000,61.8000,20.6000,18.6000" "confidence=0.99" 
@@TRAX:quit 
WARNING:tensorflow:
The TensorFlow contrib module will not be included in TensorFlow 2.0.
For more information, please see:
  * https://github.com/tensorflow/community/blob/master/rfcs/20180907-contrib-sunset.md
  * https://github.com/tensorflow/addons
  * https://github.com/tensorflow/io (for I/O related ops)
If you depend on functionality not listed there, please file an issue.

@@TRAX:hello "trax.name=" "trax.family=" "trax.image=path;" "trax.region=rectangle;" "trax.description=" "trax.version=2" "trax.channels=color;" 
@@TRAX:initialize "file:///root/collab/vot-workspace/sequences/drone1/color/00000107.jpg" "1240.9000,157.7300,21.5000,12.5700" 
@@TRAX:state "1240.9000,157.7300,21.5000,12.5700" 
@@TRAX:frame "file:///root/collab/vot-workspace/sequences/drone1/color/00000108.jpg" 
WARNING:tensorflow:From /root/collab/tracker/ADT.py:40: The name tf.placeholder_with_default is deprecated. Please use tf.compat.v1.placeholder_with_default instead.

WARNING:tensorflow:From /root/collab/tracker/ADT.py:40: The name tf.placeholder_with_default is deprecated. Please use tf.compat.v1.placeholder_with_default instead.

WARNING:tensorflow:From /root/collab/tracker/ADT.py:46: calling crop_and_resize_v1 (from tensorflow.python.ops.image_ops_impl) with box_ind is deprecated and will be removed in a future version.
Instructions for updating:
box_ind is deprecated, use box_indices instead
WARNING:tensorflow:From /root/collab/tracker/ADT.py:46: calling crop_and_resize_v1 (from tensorflow.python.ops.image_ops_impl) with box_ind is deprecated and will be removed in a future version.
Instructions for updating:
box_ind is deprecated, use box_indices instead
WARNING:tensorflow:From /root/collab/tracker/tracker_util.py:141: The name tf.variable_scope is deprecated. Please use tf.compat.v1.variable_scope instead.

WARNING:tensorflow:From /root/collab/tracker/tracker_util.py:141: The name tf.variable_scope is deprecated. Please use tf.compat.v1.variable_scope instead.

WARNING:tensorflow:Entity <bound method Conv2D.call of <tensorflow.python.layers.convolutional.Conv2D object at 0x7f65f4c91790>> could not be transformed and will be executed as-is. Please report this to the AutgoGraph team. When filing the bug, set the v
WARNING:tensorflow:Entity <bound method Conv2D.call of <tensorflow.python.layers.convolutional.Conv2D object at 0x7f65f4c91790>> could not be transformed and will be executed as-is. Please report this to the AutgoGraph team. When filing the bug, set the v
WARNING:tensorflow:Entity <bound method MaxPooling2D.call of <tensorflow.python.layers.pooling.MaxPooling2D object at 0x7f65f4c91f10>> could not be transformed and will be executed as-is. Please report this to the AutgoGraph team. When filing the bug, set
WARNING:tensorflow:Entity <bound method MaxPooling2D.call of <tensorflow.python.layers.pooling.MaxPooling2D object at 0x7f65f4c91f10>> could not be transformed and will be executed as-is. Please report this to the AutgoGraph team. When filing the bug, set
WARNING:tensorflow:Entity <bound method Conv2D.call of <tensorflow.python.layers.convolutional.Conv2D object at 0x7f65f4ca9150>> could not be transformed and will be executed as-is. Please report this to the AutgoGraph team. When filing the bug, set the v
WARNING:tensorflow:Entity <bound method Conv2D.call of <tensorflow.python.layers.convolutional.Conv2D object at 0x7f65f4ca9150>> could not be transformed and will be executed as-is. Please report this to the AutgoGraph team. When filing the bug, set the v
WARNING:tensorflow:Entity <bound method MaxPooling2D.call of <tensorflow.python.layers.pooling.MaxPooling2D object at 0x7f65f4c91f10>> could not be transformed and will be executed as-is. Please report this to the AutgoGraph team. When filing the bug, set
WARNING:tensorflow:Entity <bound method MaxPooling2D.call of <tensorflow.python.layers.pooling.MaxPooling2D object at 0x7f65f4c91f10>> could not be transformed and will be executed as-is. Please report this to the AutgoGraph team. When filing the bug, set
WARNING:tensorflow:Entity <bound method Conv2D.call of <tensorflow.python.layers.convolutional.Conv2D object at 0x7f65f4ca9550>> could not be transformed and will be executed as-is. Please report this to the AutgoGraph team. When filing the bug, set the v
WARNING:tensorflow:Entity <bound method Conv2D.call of <tensorflow.python.layers.convolutional.Conv2D object at 0x7f65f4ca9550>> could not be transformed and will be executed as-is. Please report this to the AutgoGraph team. When filing the bug, set the v
WARNING:tensorflow:Entity <bound method Conv2D.call of <tensorflow.python.layers.convolutional.Conv2D object at 0x7f65f43db390>> could not be transformed and will be executed as-is. Please report this to the AutgoGraph team. When filing the bug, set the v
WARNING:tensorflow:Entity <bound method Conv2D.call of <tensorflow.python.layers.convolutional.Conv2D object at 0x7f65f43db390>> could not be transformed and will be executed as-is. Please report this to the AutgoGraph team. When filing the bug, set the v
WARNING:tensorflow:Entity <bound method Conv2D.call of <tensorflow.python.layers.convolutional.Conv2D object at 0x7f65f43dbc50>> could not be transformed and will be executed as-is. Please report this to the AutgoGraph team. When filing the bug, set the v
WARNING:tensorflow:Entity <bound method Conv2D.call of <tensorflow.python.layers.convolutional.Conv2D object at 0x7f65f43dbc50>> could not be transformed and will be executed as-is. Please report this to the AutgoGraph team. When filing the bug, set the v
WARNING:tensorflow:Entity <bound method Conv2D.call of <tensorflow.python.layers.convolutional.Conv2D object at 0x7f65f43825d0>> could not be transformed and will be executed as-is. Please report this to the AutgoGraph team. When filing the bug, set the v
WARNING:tensorflow:Entity <bound method Conv2D.call of <tensorflow.python.layers.convolutional.Conv2D object at 0x7f65f43825d0>> could not be transformed and will be executed as-is. Please report this to the AutgoGraph team. When filing the bug, set the v
WARNING:tensorflow:From /usr/local/lib/python2.7/dist-packages/tensorflow/contrib/layers/python/layers/layers.py:1634: flatten (from tensorflow.python.layers.core) is deprecated and will be removed in a future version.
Instructions for updating:
Use keras.layers.flatten instead.
WARNING:tensorflow:From /usr/local/lib/python2.7/dist-packages/tensorflow/contrib/layers/python/layers/layers.py:1634: flatten (from tensorflow.python.layers.core) is deprecated and will be removed in a future version.
Instructions for updating:
Use keras.layers.flatten instead.
WARNING:tensorflow:Entity <bound method Flatten.call of <tensorflow.python.layers.core.Flatten object at 0x7f65f438b990>> could not be transformed and will be executed as-is. Please report this to the AutgoGraph team. When filing the bug, set the verbosit
WARNING:tensorflow:Entity <bound method Flatten.call of <tensorflow.python.layers.core.Flatten object at 0x7f65f438b990>> could not be transformed and will be executed as-is. Please report this to the AutgoGraph team. When filing the bug, set the verbosit
WARNING:tensorflow:Entity <bound method Dense.call of <tensorflow.python.layers.core.Dense object at 0x7f65f438b990>> could not be transformed and will be executed as-is. Please report this to the AutgoGraph team. When filing the bug, set the verbosity to
WARNING:tensorflow:Entity <bound method Dense.call of <tensorflow.python.layers.core.Dense object at 0x7f65f438b990>> could not be transformed and will be executed as-is. Please report this to the AutgoGraph team. When filing the bug, set the verbosity to
WARNING:tensorflow:Entity <bound method Dense.call of <tensorflow.python.layers.core.Dense object at 0x7f65f4375d90>> could not be transformed and will be executed as-is. Please report this to the AutgoGraph team. When filing the bug, set the verbosity to
WARNING:tensorflow:Entity <bound method Dense.call of <tensorflow.python.layers.core.Dense object at 0x7f65f4375d90>> could not be transformed and will be executed as-is. Please report this to the AutgoGraph team. When filing the bug, set the verbosity to
WARNING:tensorflow:From /root/collab/tracker/ADT.py:67: The name tf.losses.softmax_cross_entropy is deprecated. Please use tf.compat.v1.losses.softmax_cross_entropy instead.

WARNING:tensorflow:From /root/collab/tracker/ADT.py:67: The name tf.losses.softmax_cross_entropy is deprecated. Please use tf.compat.v1.losses.softmax_cross_entropy instead.

WARNING:tensorflow:From /usr/local/lib/python2.7/dist-packages/tensorflow/python/ops/losses/losses_impl.py:121: where (from tensorflow.python.ops.array_ops) is deprecated and will be removed in a future version.
Instructions for updating:
Use tf.where in 2.0, which has the same broadcast rule as np.where
WARNING:tensorflow:From /usr/local/lib/python2.7/dist-packages/tensorflow/python/ops/losses/losses_impl.py:121: where (from tensorflow.python.ops.array_ops) is deprecated and will be removed in a future version.
Instructions for updating:
Use tf.where in 2.0, which has the same broadcast rule as np.where
WARNING:tensorflow:From /root/collab/tracker/ADT.py:70: The name tf.placeholder is deprecated. Please use tf.compat.v1.placeholder instead.

WARNING:tensorflow:From /root/collab/tracker/ADT.py:70: The name tf.placeholder is deprecated. Please use tf.compat.v1.placeholder instead.

WARNING:tensorflow:From /root/collab/tracker/ADT.py:74: The name tf.get_collection is deprecated. Please use tf.compat.v1.get_collection instead.

WARNING:tensorflow:From /root/collab/tracker/ADT.py:74: The name tf.get_collection is deprecated. Please use tf.compat.v1.get_collection instead.

WARNING:tensorflow:From /root/collab/tracker/ADT.py:74: The name tf.GraphKeys is deprecated. Please use tf.compat.v1.GraphKeys instead.

WARNING:tensorflow:From /root/collab/tracker/ADT.py:74: The name tf.GraphKeys is deprecated. Please use tf.compat.v1.GraphKeys instead.

WARNING:tensorflow:From /root/collab/tracker/ADT.py:98: The name tf.train.AdamOptimizer is deprecated. Please use tf.compat.v1.train.AdamOptimizer instead.

WARNING:tensorflow:From /root/collab/tracker/ADT.py:98: The name tf.train.AdamOptimizer is deprecated. Please use tf.compat.v1.train.AdamOptimizer instead.

2019-11-12 12:24:41.793803: I tensorflow/core/platform/cpu_feature_guard.cc:142] Your CPU supports instructions that this TensorFlow binary was not compiled to use: AVX2 FMA
2019-11-12 12:24:41.802007: I tensorflow/core/platform/profile_utils/cpu_utils.cc:94] CPU Frequency: 2294680000 Hz
2019-11-12 12:24:41.802528: I tensorflow/compiler/xla/service/service.cc:168] XLA service 0x55f924b889c0 executing computations on platform Host. Devices:
2019-11-12 12:24:41.802553: I tensorflow/compiler/xla/service/service.cc:175]   StreamExecutor device (0): <undefined>, <undefined>
2019-11-12 12:24:41.946030: W tensorflow/compiler/jit/mark_for_compilation_pass.cc:1412] (One-time warning): Not using XLA:CPU for cluster because envvar TF_XLA_FLAGS=--tf_xla_cpu_global_jit was not set.  If you want XLA:CPU, either set that envvar, or us
2019-11-12 12:24:42.464851: W tensorflow/core/framework/allocator.cc:107] Allocation of 377529600 exceeds 10% of system memory.
2019-11-12 12:24:43.257061: W tensorflow/core/framework/allocator.cc:107] Allocation of 377529600 exceeds 10% of system memory.
@@TRAX:state "1241.6000,166.4000,21.4000,12.2000" "confidence=0.99" 
@@TRAX:frame "file:///root/collab/vot-workspace/sequences/drone1/color/00000109.jpg" 
@@TRAX:state "1235.6000,166.4000,23.4000,13.4000" "confidence=0.99" 
@@TRAX:quit 
WARNING:tensorflow:
The TensorFlow contrib module will not be included in TensorFlow 2.0.
For more information, please see:
  * https://github.com/tensorflow/community/blob/master/rfcs/20180907-contrib-sunset.md
  * https://github.com/tensorflow/addons
  * https://github.com/tensorflow/io (for I/O related ops)
If you depend on functionality not listed there, please file an issue.

@@TRAX:hello "trax.name=" "trax.family=" "trax.image=path;" "trax.region=rectangle;" "trax.description=" "trax.version=2" "trax.channels=color;" 
@@TRAX:initialize "file:///root/collab/vot-workspace/sequences/drone1/color/00000114.jpg" "1260.0000,283.0000,20.0000,5.0000" 
@@TRAX:state "1260.0000,283.0000,20.0000,5.0000" 
@@TRAX:frame "file:///root/collab/vot-workspace/sequences/drone1/color/00000115.jpg" 
WARNING:tensorflow:From /root/collab/tracker/ADT.py:40: The name tf.placeholder_with_default is deprecated. Please use tf.compat.v1.placeholder_with_default instead.

WARNING:tensorflow:From /root/collab/tracker/ADT.py:40: The name tf.placeholder_with_default is deprecated. Please use tf.compat.v1.placeholder_with_default instead.

WARNING:tensorflow:From /root/collab/tracker/ADT.py:46: calling crop_and_resize_v1 (from tensorflow.python.ops.image_ops_impl) with box_ind is deprecated and will be removed in a future version.
Instructions for updating:
box_ind is deprecated, use box_indices instead
WARNING:tensorflow:From /root/collab/tracker/ADT.py:46: calling crop_and_resize_v1 (from tensorflow.python.ops.image_ops_impl) with box_ind is deprecated and will be removed in a future version.
Instructions for updating:
box_ind is deprecated, use box_indices instead
WARNING:tensorflow:From /root/collab/tracker/tracker_util.py:141: The name tf.variable_scope is deprecated. Please use tf.compat.v1.variable_scope instead.

WARNING:tensorflow:From /root/collab/tracker/tracker_util.py:141: The name tf.variable_scope is deprecated. Please use tf.compat.v1.variable_scope instead.

WARNING:tensorflow:Entity <bound method Conv2D.call of <tensorflow.python.layers.convolutional.Conv2D object at 0x7ff72a3f7790>> could not be transformed and will be executed as-is. Please report this to the AutgoGraph team. When filing the bug, set the v
WARNING:tensorflow:Entity <bound method Conv2D.call of <tensorflow.python.layers.convolutional.Conv2D object at 0x7ff72a3f7790>> could not be transformed and will be executed as-is. Please report this to the AutgoGraph team. When filing the bug, set the v
WARNING:tensorflow:Entity <bound method MaxPooling2D.call of <tensorflow.python.layers.pooling.MaxPooling2D object at 0x7ff72a3f7f10>> could not be transformed and will be executed as-is. Please report this to the AutgoGraph team. When filing the bug, set
WARNING:tensorflow:Entity <bound method MaxPooling2D.call of <tensorflow.python.layers.pooling.MaxPooling2D object at 0x7ff72a3f7f10>> could not be transformed and will be executed as-is. Please report this to the AutgoGraph team. When filing the bug, set
WARNING:tensorflow:Entity <bound method Conv2D.call of <tensorflow.python.layers.convolutional.Conv2D object at 0x7ff72a40f150>> could not be transformed and will be executed as-is. Please report this to the AutgoGraph team. When filing the bug, set the v
WARNING:tensorflow:Entity <bound method Conv2D.call of <tensorflow.python.layers.convolutional.Conv2D object at 0x7ff72a40f150>> could not be transformed and will be executed as-is. Please report this to the AutgoGraph team. When filing the bug, set the v
WARNING:tensorflow:Entity <bound method MaxPooling2D.call of <tensorflow.python.layers.pooling.MaxPooling2D object at 0x7ff72a3f7f10>> could not be transformed and will be executed as-is. Please report this to the AutgoGraph team. When filing the bug, set
WARNING:tensorflow:Entity <bound method MaxPooling2D.call of <tensorflow.python.layers.pooling.MaxPooling2D object at 0x7ff72a3f7f10>> could not be transformed and will be executed as-is. Please report this to the AutgoGraph team. When filing the bug, set
WARNING:tensorflow:Entity <bound method Conv2D.call of <tensorflow.python.layers.convolutional.Conv2D object at 0x7ff72a40f550>> could not be transformed and will be executed as-is. Please report this to the AutgoGraph team. When filing the bug, set the v
WARNING:tensorflow:Entity <bound method Conv2D.call of <tensorflow.python.layers.convolutional.Conv2D object at 0x7ff72a40f550>> could not be transformed and will be executed as-is. Please report this to the AutgoGraph team. When filing the bug, set the v
WARNING:tensorflow:Entity <bound method Conv2D.call of <tensorflow.python.layers.convolutional.Conv2D object at 0x7ff729243390>> could not be transformed and will be executed as-is. Please report this to the AutgoGraph team. When filing the bug, set the v
WARNING:tensorflow:Entity <bound method Conv2D.call of <tensorflow.python.layers.convolutional.Conv2D object at 0x7ff729243390>> could not be transformed and will be executed as-is. Please report this to the AutgoGraph team. When filing the bug, set the v
WARNING:tensorflow:Entity <bound method Conv2D.call of <tensorflow.python.layers.convolutional.Conv2D object at 0x7ff729243c50>> could not be transformed and will be executed as-is. Please report this to the AutgoGraph team. When filing the bug, set the v
WARNING:tensorflow:Entity <bound method Conv2D.call of <tensorflow.python.layers.convolutional.Conv2D object at 0x7ff729243c50>> could not be transformed and will be executed as-is. Please report this to the AutgoGraph team. When filing the bug, set the v
WARNING:tensorflow:Entity <bound method Conv2D.call of <tensorflow.python.layers.convolutional.Conv2D object at 0x7ff7291f1b10>> could not be transformed and will be executed as-is. Please report this to the AutgoGraph team. When filing the bug, set the v
WARNING:tensorflow:Entity <bound method Conv2D.call of <tensorflow.python.layers.convolutional.Conv2D object at 0x7ff7291f1b10>> could not be transformed and will be executed as-is. Please report this to the AutgoGraph team. When filing the bug, set the v
WARNING:tensorflow:From /usr/local/lib/python2.7/dist-packages/tensorflow/contrib/layers/python/layers/layers.py:1634: flatten (from tensorflow.python.layers.core) is deprecated and will be removed in a future version.
Instructions for updating:
Use keras.layers.flatten instead.
WARNING:tensorflow:From /usr/local/lib/python2.7/dist-packages/tensorflow/contrib/layers/python/layers/layers.py:1634: flatten (from tensorflow.python.layers.core) is deprecated and will be removed in a future version.
Instructions for updating:
Use keras.layers.flatten instead.
WARNING:tensorflow:Entity <bound method Flatten.call of <tensorflow.python.layers.core.Flatten object at 0x7ff7291e8450>> could not be transformed and will be executed as-is. Please report this to the AutgoGraph team. When filing the bug, set the verbosit
WARNING:tensorflow:Entity <bound method Flatten.call of <tensorflow.python.layers.core.Flatten object at 0x7ff7291e8450>> could not be transformed and will be executed as-is. Please report this to the AutgoGraph team. When filing the bug, set the verbosit
WARNING:tensorflow:Entity <bound method Dense.call of <tensorflow.python.layers.core.Dense object at 0x7ff7291e8450>> could not be transformed and will be executed as-is. Please report this to the AutgoGraph team. When filing the bug, set the verbosity to
WARNING:tensorflow:Entity <bound method Dense.call of <tensorflow.python.layers.core.Dense object at 0x7ff7291e8450>> could not be transformed and will be executed as-is. Please report this to the AutgoGraph team. When filing the bug, set the verbosity to
WARNING:tensorflow:Entity <bound method Dense.call of <tensorflow.python.layers.core.Dense object at 0x7ff7291db1d0>> could not be transformed and will be executed as-is. Please report this to the AutgoGraph team. When filing the bug, set the verbosity to
WARNING:tensorflow:Entity <bound method Dense.call of <tensorflow.python.layers.core.Dense object at 0x7ff7291db1d0>> could not be transformed and will be executed as-is. Please report this to the AutgoGraph team. When filing the bug, set the verbosity to
WARNING:tensorflow:From /root/collab/tracker/ADT.py:67: The name tf.losses.softmax_cross_entropy is deprecated. Please use tf.compat.v1.losses.softmax_cross_entropy instead.

WARNING:tensorflow:From /root/collab/tracker/ADT.py:67: The name tf.losses.softmax_cross_entropy is deprecated. Please use tf.compat.v1.losses.softmax_cross_entropy instead.

WARNING:tensorflow:From /usr/local/lib/python2.7/dist-packages/tensorflow/python/ops/losses/losses_impl.py:121: where (from tensorflow.python.ops.array_ops) is deprecated and will be removed in a future version.
Instructions for updating:
Use tf.where in 2.0, which has the same broadcast rule as np.where
WARNING:tensorflow:From /usr/local/lib/python2.7/dist-packages/tensorflow/python/ops/losses/losses_impl.py:121: where (from tensorflow.python.ops.array_ops) is deprecated and will be removed in a future version.
Instructions for updating:
Use tf.where in 2.0, which has the same broadcast rule as np.where
WARNING:tensorflow:From /root/collab/tracker/ADT.py:70: The name tf.placeholder is deprecated. Please use tf.compat.v1.placeholder instead.

WARNING:tensorflow:From /root/collab/tracker/ADT.py:70: The name tf.placeholder is deprecated. Please use tf.compat.v1.placeholder instead.

WARNING:tensorflow:From /root/collab/tracker/ADT.py:74: The name tf.get_collection is deprecated. Please use tf.compat.v1.get_collection instead.

WARNING:tensorflow:From /root/collab/tracker/ADT.py:74: The name tf.get_collection is deprecated. Please use tf.compat.v1.get_collection instead.

WARNING:tensorflow:From /root/collab/tracker/ADT.py:74: The name tf.GraphKeys is deprecated. Please use tf.compat.v1.GraphKeys instead.

WARNING:tensorflow:From /root/collab/tracker/ADT.py:74: The name tf.GraphKeys is deprecated. Please use tf.compat.v1.GraphKeys instead.

WARNING:tensorflow:From /root/collab/tracker/ADT.py:98: The name tf.train.AdamOptimizer is deprecated. Please use tf.compat.v1.train.AdamOptimizer instead.

WARNING:tensorflow:From /root/collab/tracker/ADT.py:98: The name tf.train.AdamOptimizer is deprecated. Please use tf.compat.v1.train.AdamOptimizer instead.

2019-11-12 12:25:05.471412: I tensorflow/core/platform/cpu_feature_guard.cc:142] Your CPU supports instructions that this TensorFlow binary was not compiled to use: AVX2 FMA
2019-11-12 12:25:05.478864: I tensorflow/core/platform/profile_utils/cpu_utils.cc:94] CPU Frequency: 2294680000 Hz
2019-11-12 12:25:05.479302: I tensorflow/compiler/xla/service/service.cc:168] XLA service 0x5571c1ae0470 executing computations on platform Host. Devices:
2019-11-12 12:25:05.479323: I tensorflow/compiler/xla/service/service.cc:175]   StreamExecutor device (0): <undefined>, <undefined>
2019-11-12 12:25:05.607128: W tensorflow/compiler/jit/mark_for_compilation_pass.cc:1412] (One-time warning): Not using XLA:CPU for cluster because envvar TF_XLA_FLAGS=--tf_xla_cpu_global_jit was not set.  If you want XLA:CPU, either set that envvar, or us
@@TRAX:quit 
