WARNING:tensorflow:
The TensorFlow contrib module will not be included in TensorFlow 2.0.
For more information, please see:
  * https://github.com/tensorflow/community/blob/master/rfcs/20180907-contrib-sunset.md
  * https://github.com/tensorflow/addons
  * https://github.com/tensorflow/io (for I/O related ops)
If you depend on functionality not listed there, please file an issue.

@@TRAX:hello "trax.name=" "trax.family=" "trax.image=path;" "trax.region=rectangle;" "trax.description=" "trax.version=2" "trax.channels=color;" 
@@TRAX:initialize "file:///root/collab/vot-workspace/sequences/drone1/color/00000001.jpg" "533.1000,190.2200,35.0700,34.8900" 
@@TRAX:state "533.1000,190.2200,35.0700,34.8900" 
@@TRAX:frame "file:///root/collab/vot-workspace/sequences/drone1/color/00000002.jpg" 
WARNING:tensorflow:From /root/collab/tracker/ADT.py:40: The name tf.placeholder_with_default is deprecated. Please use tf.compat.v1.placeholder_with_default instead.

WARNING:tensorflow:From /root/collab/tracker/ADT.py:40: The name tf.placeholder_with_default is deprecated. Please use tf.compat.v1.placeholder_with_default instead.

WARNING:tensorflow:From /root/collab/tracker/ADT.py:46: calling crop_and_resize_v1 (from tensorflow.python.ops.image_ops_impl) with box_ind is deprecated and will be removed in a future version.
Instructions for updating:
box_ind is deprecated, use box_indices instead
WARNING:tensorflow:From /root/collab/tracker/ADT.py:46: calling crop_and_resize_v1 (from tensorflow.python.ops.image_ops_impl) with box_ind is deprecated and will be removed in a future version.
Instructions for updating:
box_ind is deprecated, use box_indices instead
WARNING:tensorflow:From /root/collab/tracker/tracker_util.py:141: The name tf.variable_scope is deprecated. Please use tf.compat.v1.variable_scope instead.

WARNING:tensorflow:From /root/collab/tracker/tracker_util.py:141: The name tf.variable_scope is deprecated. Please use tf.compat.v1.variable_scope instead.

WARNING:tensorflow:Entity <bound method Conv2D.call of <tensorflow.python.layers.convolutional.Conv2D object at 0x7f7f89478790>> could not be transformed and will be executed as-is. Please report this to the AutgoGraph team. When filing the bug, set the v
WARNING:tensorflow:Entity <bound method Conv2D.call of <tensorflow.python.layers.convolutional.Conv2D object at 0x7f7f89478790>> could not be transformed and will be executed as-is. Please report this to the AutgoGraph team. When filing the bug, set the v
WARNING:tensorflow:Entity <bound method MaxPooling2D.call of <tensorflow.python.layers.pooling.MaxPooling2D object at 0x7f7f89478f10>> could not be transformed and will be executed as-is. Please report this to the AutgoGraph team. When filing the bug, set
WARNING:tensorflow:Entity <bound method MaxPooling2D.call of <tensorflow.python.layers.pooling.MaxPooling2D object at 0x7f7f89478f10>> could not be transformed and will be executed as-is. Please report this to the AutgoGraph team. When filing the bug, set
WARNING:tensorflow:Entity <bound method Conv2D.call of <tensorflow.python.layers.convolutional.Conv2D object at 0x7f7f89490150>> could not be transformed and will be executed as-is. Please report this to the AutgoGraph team. When filing the bug, set the v
WARNING:tensorflow:Entity <bound method Conv2D.call of <tensorflow.python.layers.convolutional.Conv2D object at 0x7f7f89490150>> could not be transformed and will be executed as-is. Please report this to the AutgoGraph team. When filing the bug, set the v
WARNING:tensorflow:Entity <bound method MaxPooling2D.call of <tensorflow.python.layers.pooling.MaxPooling2D object at 0x7f7f89478f10>> could not be transformed and will be executed as-is. Please report this to the AutgoGraph team. When filing the bug, set
WARNING:tensorflow:Entity <bound method MaxPooling2D.call of <tensorflow.python.layers.pooling.MaxPooling2D object at 0x7f7f89478f10>> could not be transformed and will be executed as-is. Please report this to the AutgoGraph team. When filing the bug, set
WARNING:tensorflow:Entity <bound method Conv2D.call of <tensorflow.python.layers.convolutional.Conv2D object at 0x7f7f89490550>> could not be transformed and will be executed as-is. Please report this to the AutgoGraph team. When filing the bug, set the v
WARNING:tensorflow:Entity <bound method Conv2D.call of <tensorflow.python.layers.convolutional.Conv2D object at 0x7f7f89490550>> could not be transformed and will be executed as-is. Please report this to the AutgoGraph team. When filing the bug, set the v
WARNING:tensorflow:Entity <bound method Conv2D.call of <tensorflow.python.layers.convolutional.Conv2D object at 0x7f7f882c0390>> could not be transformed and will be executed as-is. Please report this to the AutgoGraph team. When filing the bug, set the v
WARNING:tensorflow:Entity <bound method Conv2D.call of <tensorflow.python.layers.convolutional.Conv2D object at 0x7f7f882c0390>> could not be transformed and will be executed as-is. Please report this to the AutgoGraph team. When filing the bug, set the v
WARNING:tensorflow:Entity <bound method Conv2D.call of <tensorflow.python.layers.convolutional.Conv2D object at 0x7f7f882c0c50>> could not be transformed and will be executed as-is. Please report this to the AutgoGraph team. When filing the bug, set the v
WARNING:tensorflow:Entity <bound method Conv2D.call of <tensorflow.python.layers.convolutional.Conv2D object at 0x7f7f882c0c50>> could not be transformed and will be executed as-is. Please report this to the AutgoGraph team. When filing the bug, set the v
WARNING:tensorflow:Entity <bound method Conv2D.call of <tensorflow.python.layers.convolutional.Conv2D object at 0x7f7f88272390>> could not be transformed and will be executed as-is. Please report this to the AutgoGraph team. When filing the bug, set the v
WARNING:tensorflow:Entity <bound method Conv2D.call of <tensorflow.python.layers.convolutional.Conv2D object at 0x7f7f88272390>> could not be transformed and will be executed as-is. Please report this to the AutgoGraph team. When filing the bug, set the v
WARNING:tensorflow:From /usr/local/lib/python2.7/dist-packages/tensorflow/contrib/layers/python/layers/layers.py:1634: flatten (from tensorflow.python.layers.core) is deprecated and will be removed in a future version.
Instructions for updating:
Use keras.layers.flatten instead.
WARNING:tensorflow:From /usr/local/lib/python2.7/dist-packages/tensorflow/contrib/layers/python/layers/layers.py:1634: flatten (from tensorflow.python.layers.core) is deprecated and will be removed in a future version.
Instructions for updating:
Use keras.layers.flatten instead.
WARNING:tensorflow:Entity <bound method Flatten.call of <tensorflow.python.layers.core.Flatten object at 0x7f7f88269b10>> could not be transformed and will be executed as-is. Please report this to the AutgoGraph team. When filing the bug, set the verbosit
WARNING:tensorflow:Entity <bound method Flatten.call of <tensorflow.python.layers.core.Flatten object at 0x7f7f88269b10>> could not be transformed and will be executed as-is. Please report this to the AutgoGraph team. When filing the bug, set the verbosit
WARNING:tensorflow:Entity <bound method Dense.call of <tensorflow.python.layers.core.Dense object at 0x7f7f88269b10>> could not be transformed and will be executed as-is. Please report this to the AutgoGraph team. When filing the bug, set the verbosity to
WARNING:tensorflow:Entity <bound method Dense.call of <tensorflow.python.layers.core.Dense object at 0x7f7f88269b10>> could not be transformed and will be executed as-is. Please report this to the AutgoGraph team. When filing the bug, set the verbosity to
WARNING:tensorflow:Entity <bound method Dense.call of <tensorflow.python.layers.core.Dense object at 0x7f7f8825c990>> could not be transformed and will be executed as-is. Please report this to the AutgoGraph team. When filing the bug, set the verbosity to
WARNING:tensorflow:Entity <bound method Dense.call of <tensorflow.python.layers.core.Dense object at 0x7f7f8825c990>> could not be transformed and will be executed as-is. Please report this to the AutgoGraph team. When filing the bug, set the verbosity to
WARNING:tensorflow:From /root/collab/tracker/ADT.py:67: The name tf.losses.softmax_cross_entropy is deprecated. Please use tf.compat.v1.losses.softmax_cross_entropy instead.

WARNING:tensorflow:From /root/collab/tracker/ADT.py:67: The name tf.losses.softmax_cross_entropy is deprecated. Please use tf.compat.v1.losses.softmax_cross_entropy instead.

WARNING:tensorflow:From /usr/local/lib/python2.7/dist-packages/tensorflow/python/ops/losses/losses_impl.py:121: where (from tensorflow.python.ops.array_ops) is deprecated and will be removed in a future version.
Instructions for updating:
Use tf.where in 2.0, which has the same broadcast rule as np.where
WARNING:tensorflow:From /usr/local/lib/python2.7/dist-packages/tensorflow/python/ops/losses/losses_impl.py:121: where (from tensorflow.python.ops.array_ops) is deprecated and will be removed in a future version.
Instructions for updating:
Use tf.where in 2.0, which has the same broadcast rule as np.where
WARNING:tensorflow:From /root/collab/tracker/ADT.py:70: The name tf.placeholder is deprecated. Please use tf.compat.v1.placeholder instead.

WARNING:tensorflow:From /root/collab/tracker/ADT.py:70: The name tf.placeholder is deprecated. Please use tf.compat.v1.placeholder instead.

WARNING:tensorflow:From /root/collab/tracker/ADT.py:74: The name tf.get_collection is deprecated. Please use tf.compat.v1.get_collection instead.

WARNING:tensorflow:From /root/collab/tracker/ADT.py:74: The name tf.get_collection is deprecated. Please use tf.compat.v1.get_collection instead.

WARNING:tensorflow:From /root/collab/tracker/ADT.py:74: The name tf.GraphKeys is deprecated. Please use tf.compat.v1.GraphKeys instead.

WARNING:tensorflow:From /root/collab/tracker/ADT.py:74: The name tf.GraphKeys is deprecated. Please use tf.compat.v1.GraphKeys instead.

WARNING:tensorflow:From /root/collab/tracker/ADT.py:98: The name tf.train.AdamOptimizer is deprecated. Please use tf.compat.v1.train.AdamOptimizer instead.

WARNING:tensorflow:From /root/collab/tracker/ADT.py:98: The name tf.train.AdamOptimizer is deprecated. Please use tf.compat.v1.train.AdamOptimizer instead.

2019-11-12 15:38:13.669531: I tensorflow/core/platform/cpu_feature_guard.cc:142] Your CPU supports instructions that this TensorFlow binary was not compiled to use: AVX2 FMA
2019-11-12 15:38:13.678363: I tensorflow/core/platform/profile_utils/cpu_utils.cc:94] CPU Frequency: 2294680000 Hz
2019-11-12 15:38:13.678726: I tensorflow/compiler/xla/service/service.cc:168] XLA service 0x560622103b70 executing computations on platform Host. Devices:
2019-11-12 15:38:13.678746: I tensorflow/compiler/xla/service/service.cc:175]   StreamExecutor device (0): <undefined>, <undefined>
2019-11-12 15:38:13.806723: W tensorflow/compiler/jit/mark_for_compilation_pass.cc:1412] (One-time warning): Not using XLA:CPU for cluster because envvar TF_XLA_FLAGS=--tf_xla_cpu_global_jit was not set.  If you want XLA:CPU, either set that envvar, or us
2019-11-12 15:38:14.158218: W tensorflow/core/framework/allocator.cc:107] Allocation of 377529600 exceeds 10% of system memory.
2019-11-12 15:38:14.939100: W tensorflow/core/framework/allocator.cc:107] Allocation of 377529600 exceeds 10% of system memory.
